<?xml version="1.0" encoding="UTF-8"?>
<testsuite xmlns:xsi="http://www.w3.org/2001/XMLSchema-instance" xsi:noNamespaceSchemaLocation="https://maven.apache.org/surefire/maven-surefire-plugin/xsd/surefire-test-report.xsd" version="3.0.2" name="io.cucumber.junit.platform.engine.CucumberTestEngine" time="6.64" tests="6" errors="0" skipped="0" failures="0">
  <properties>
[...]
</properties>
  <testcase name="User calculates sum of mixed-radix operands and gets result in requested radix" classname="Calculator service stores calculations and supports mixed radixes" time="5.995">
    <system-out><![CDATA[00:11:09.944 [main] INFO org.springframework.test.context.support.AnnotationConfigContextLoaderUtils -- Could not detect default configuration classes for test class [com.unik.calculator.bdd.CucumberSpringConfig]: CucumberSpringConfig does not declare any static, non-private, non-final, nested classes annotated with @Configuration.
00:11:10.055 [main] INFO org.springframework.boot.test.context.SpringBootTestContextBootstrapper -- Found @SpringBootConfiguration com.unik.calculator.Lab2CalculatorServiceApplication for test class com.unik.calculator.bdd.CucumberSpringConfig

  .   ____          _            __ _ _
 /\\ / ___'_ __ _ _(_)_ __  __ _ \ \ \ \
( ( )\___ | '_ | '_| | '_ \/ _` | \ \ \ \
 \\/  ___)| |_)| | | | | || (_| |  ) ) ) )
  '  |____| .__|_| |_|_| |_\__, | / / / /
 =========|_|==============|___/=/_/_/_/

 :: Spring Boot ::                (v3.4.2)

2026-03-02T00:11:10.543+04:00  INFO 18960 --- [           main] c.u.calculator.bdd.CucumberSpringConfig  : Starting CucumberSpringConfig using Java 17.0.18 with PID 18960 (started by SF in D:\Уник\automate-testing\labs-tests)
2026-03-02T00:11:10.544+04:00  INFO 18960 --- [           main] c.u.calculator.bdd.CucumberSpringConfig  : No active profile set, falling back to 1 default profile: "default"
2026-03-02T00:11:11.431+04:00  INFO 18960 --- [           main] .s.d.r.c.RepositoryConfigurationDelegate : Bootstrapping Spring Data JPA repositories in DEFAULT mode.
2026-03-02T00:11:11.504+04:00  INFO 18960 --- [           main] .s.d.r.c.RepositoryConfigurationDelegate : Finished Spring Data repository scanning in 64 ms. Found 1 JPA repository interface.
2026-03-02T00:11:12.105+04:00  INFO 18960 --- [           main] o.s.b.w.embedded.tomcat.TomcatWebServer  : Tomcat initialized with port 0 (http)
2026-03-02T00:11:12.115+04:00  INFO 18960 --- [           main] o.apache.catalina.core.StandardService   : Starting service [Tomcat]
2026-03-02T00:11:12.116+04:00  INFO 18960 --- [           main] o.apache.catalina.core.StandardEngine    : Starting Servlet engine: [Apache Tomcat/10.1.34]
2026-03-02T00:11:12.193+04:00  INFO 18960 --- [           main] o.a.c.c.C.[Tomcat].[localhost].[/]       : Initializing Spring embedded WebApplicationContext
2026-03-02T00:11:12.195+04:00  INFO 18960 --- [           main] w.s.c.ServletWebServerApplicationContext : Root WebApplicationContext: initialization completed in 1389 ms
2026-03-02T00:11:12.458+04:00  INFO 18960 --- [           main] com.zaxxer.hikari.HikariDataSource       : HikariPool-1 - Starting...
2026-03-02T00:11:12.638+04:00  INFO 18960 --- [           main] com.zaxxer.hikari.pool.HikariPool        : HikariPool-1 - Added connection org.postgresql.jdbc.PgConnection@7f030c72
2026-03-02T00:11:12.639+04:00  INFO 18960 --- [           main] com.zaxxer.hikari.HikariDataSource       : HikariPool-1 - Start completed.
2026-03-02T00:11:12.671+04:00  INFO 18960 --- [           main] org.flywaydb.core.FlywayExecutor         : Database: jdbc:postgresql://localhost:5432/lab2_calc (PostgreSQL 16.13)
2026-03-02T00:11:12.732+04:00  INFO 18960 --- [           main] o.f.core.internal.command.DbValidate     : Successfully validated 1 migration (execution time 00:00.035s)
2026-03-02T00:11:12.778+04:00  INFO 18960 --- [           main] o.f.core.internal.command.DbMigrate      : Current version of schema "public": 1
2026-03-02T00:11:12.780+04:00  INFO 18960 --- [           main] o.f.core.internal.command.DbMigrate      : Schema "public" is up to date. No migration necessary.
2026-03-02T00:11:12.867+04:00  INFO 18960 --- [           main] o.hibernate.jpa.internal.util.LogHelper  : HHH000204: Processing PersistenceUnitInfo [name: default]
2026-03-02T00:11:12.939+04:00  INFO 18960 --- [           main] org.hibernate.Version                    : HHH000412: Hibernate ORM core version 6.6.5.Final
2026-03-02T00:11:12.981+04:00  INFO 18960 --- [           main] o.h.c.internal.RegionFactoryInitiator    : HHH000026: Second-level cache disabled
2026-03-02T00:11:13.323+04:00  INFO 18960 --- [           main] o.s.o.j.p.SpringPersistenceUnitInfo      : No LoadTimeWeaver setup: ignoring JPA class transformer
2026-03-02T00:11:13.430+04:00  INFO 18960 --- [           main] org.hibernate.orm.connections.pooling    : HHH10001005: Database info:
	Database JDBC URL [Connecting through datasource 'HikariDataSource (HikariPool-1)']
	Database driver: undefined/unknown
	Database version: 16.13
	Autocommit mode: undefined/unknown
	Isolation level: undefined/unknown
	Minimum pool size: undefined/unknown
	Maximum pool size: undefined/unknown
2026-03-02T00:11:14.351+04:00  INFO 18960 --- [           main] o.h.e.t.j.p.i.JtaPlatformInitiator       : HHH000489: No JTA platform available (set 'hibernate.transaction.jta.platform' to enable JTA platform integration)
2026-03-02T00:11:14.393+04:00  INFO 18960 --- [           main] j.LocalContainerEntityManagerFactoryBean : Initialized JPA EntityManagerFactory for persistence unit 'default'
2026-03-02T00:11:15.061+04:00  INFO 18960 --- [           main] o.s.b.w.embedded.tomcat.TomcatWebServer  : Tomcat started on port 65397 (http) with context path '/'
2026-03-02T00:11:15.068+04:00  INFO 18960 --- [           main] c.u.calculator.bdd.CucumberSpringConfig  : Started CucumberSpringConfig in 4.897 seconds (process running for 5.935)

Scenario: User calculates sum of mixed-radix operands and gets result in requested radix        &amp#27;[90m# features/calculator.feature:6&amp#27;[0m
  &amp#27;[32mGiven &amp#27;[0m&amp#27;[32mdatabase seeded from &amp#27;[0m&amp#27;[32m&amp#27;[1m"fixtures/input_calculations.json"&amp#27;[0m                                 &amp#27;[90m# com.unik.calculator.bdd.steps.DbSteps.databaseSeededFrom(java.lang.String)&amp#27;[0m
2026-03-02T00:11:15.696+04:00  INFO 18960 --- [o-auto-1-exec-1] o.a.c.c.C.[Tomcat].[localhost].[/]       : Initializing Spring DispatcherServlet 'dispatcherServlet'
2026-03-02T00:11:15.696+04:00  INFO 18960 --- [o-auto-1-exec-1] o.s.web.servlet.DispatcherServlet        : Initializing Servlet 'dispatcherServlet'
2026-03-02T00:11:15.697+04:00  INFO 18960 --- [o-auto-1-exec-1] o.s.web.servlet.DispatcherServlet        : Completed initialization in 1 ms
  &amp#27;[32mWhen &amp#27;[0m&amp#27;[32mI calculate left &amp#27;[0m&amp#27;[32m&amp#27;[1m"101"&amp#27;[0m&amp#27;[32m in &amp#27;[0m&amp#27;[32m&amp#27;[1m"BIN"&amp#27;[0m&amp#27;[32m and right &amp#27;[0m&amp#27;[32m&amp#27;[1m"A"&amp#27;[0m&amp#27;[32m in &amp#27;[0m&amp#27;[32m&amp#27;[1m"HEX"&amp#27;[0m&amp#27;[32m with op &amp#27;[0m&amp#27;[32m&amp#27;[1m"+"&amp#27;[0m&amp#27;[32m expecting radix &amp#27;[0m&amp#27;[32m&amp#27;[1m"DEC"&amp#27;[0m &amp#27;[90m# com.unik.calculator.bdd.steps.ApiSteps.calcSimple(java.lang.String,java.lang.String,java.lang.String,java.lang.String,java.lang.String,java.lang.String)&amp#27;[0m
  &amp#27;[32mThen &amp#27;[0m&amp#27;[32mresponse status is &amp#27;[0m&amp#27;[32m&amp#27;[1m200&amp#27;[0m                                                                   &amp#27;[90m# com.unik.calculator.bdd.steps.ApiSteps.statusIs(int)&amp#27;[0m
  &amp#27;[32mAnd &amp#27;[0m&amp#27;[32mcalc response has result &amp#27;[0m&amp#27;[32m&amp#27;[1m"15"&amp#27;[0m&amp#27;[32m and radix &amp#27;[0m&amp#27;[32m&amp#27;[1m"DEC"&amp#27;[0m                                             &amp#27;[90m# com.unik.calculator.bdd.steps.ApiSteps.calcResponseHas(java.lang.String,java.lang.String)&amp#27;[0m
]]></system-out>
    <system-err><![CDATA[мар. 02, 2026 12:11:09 AM io.cucumber.junit.platform.engine.DiscoverySelectorResolver warnWhenCucumberFeaturesPropertyIsUsed
WARNING: Discovering tests using the cucumber.features property. Other discovery selectors are ignored!

This is a work around for the limited JUnit 5 support in Maven and Gradle. Please request/upvote/sponsor/ect better support for JUnit 5 discovery selectors. For details see: https://github.com/cucumber/cucumber-jvm/pull/2498

If you are using the JUnit 5 Suite Engine, Platform Launcher API or Console Launcher you should not use this property. Please consult the JUnit 5 documentation on test selection.
]]></system-err>
  </testcase>
  <testcase name="User searches calculations by time range and operation" classname="Calculator service stores calculations and supports mixed radixes" time="0.207">
    <system-out><![CDATA[2026-03-02T00:11:15.864+04:00  INFO 18960 --- [           main] t.c.s.AnnotationConfigContextLoaderUtils : Could not detect default configuration classes for test class [com.unik.calculator.bdd.CucumberSpringConfig]: CucumberSpringConfig does not declare any static, non-private, non-final, nested classes annotated with @Configuration.
2026-03-02T00:11:15.865+04:00  INFO 18960 --- [           main] .b.t.c.SpringBootTestContextBootstrapper : Found @SpringBootConfiguration com.unik.calculator.Lab2CalculatorServiceApplication for test class com.unik.calculator.bdd.CucumberSpringConfig

Scenario: User searches calculations by time range and operation                                        &amp#27;[90m# features/calculator.feature:11&amp#27;[0m
  &amp#27;[32mGiven &amp#27;[0m&amp#27;[32mdatabase seeded from &amp#27;[0m&amp#27;[32m&amp#27;[1m"fixtures/input_calculations.json"&amp#27;[0m                                         &amp#27;[90m# com.unik.calculator.bdd.steps.DbSteps.databaseSeededFrom(java.lang.String)&amp#27;[0m
  &amp#27;[32mWhen &amp#27;[0m&amp#27;[32mI search calculations from &amp#27;[0m&amp#27;[32m&amp#27;[1m"2026-02-26T23:59:59Z"&amp#27;[0m&amp#27;[32m to &amp#27;[0m&amp#27;[32m&amp#27;[1m"2026-02-27T00:00:01Z"&amp#27;[0m&amp#27;[32m with operation &amp#27;[0m&amp#27;[32m&amp#27;[1m"ADD"&amp#27;[0m &amp#27;[90m# com.unik.calculator.bdd.steps.ApiSteps.search(java.lang.String,java.lang.String,java.lang.String)&amp#27;[0m
  &amp#27;[32mThen &amp#27;[0m&amp#27;[32mresponse status is &amp#27;[0m&amp#27;[32m&amp#27;[1m200&amp#27;[0m                                                                           &amp#27;[90m# com.unik.calculator.bdd.steps.ApiSteps.statusIs(int)&amp#27;[0m
  &amp#27;[32mAnd &amp#27;[0m&amp#27;[32msearch response size is &amp#27;[0m&amp#27;[32m&amp#27;[1m1&amp#27;[0m                                                                         &amp#27;[90m# com.unik.calculator.bdd.steps.ApiSteps.searchSizeIs(int)&amp#27;[0m
  &amp#27;[32mAnd &amp#27;[0m&amp#27;[32mfirst item has operation &amp#27;[0m&amp#27;[32m&amp#27;[1m"ADD"&amp#27;[0m&amp#27;[32m leftRadix &amp#27;[0m&amp#27;[32m&amp#27;[1m"BIN"&amp#27;[0m&amp#27;[32m rightRadix &amp#27;[0m&amp#27;[32m&amp#27;[1m"HEX"&amp#27;[0m                                   &amp#27;[90m# com.unik.calculator.bdd.steps.ApiSteps.firstHas(java.lang.String,java.lang.String,java.lang.String)&amp#27;[0m
]]></system-out>
  </testcase>
  <testcase name="Collections via DataTable - calculate using operands passed as a table" classname="Calculator service stores calculations and supports mixed radixes" time="0.082">
    <system-out><![CDATA[2026-03-02T00:11:16.071+04:00  INFO 18960 --- [           main] t.c.s.AnnotationConfigContextLoaderUtils : Could not detect default configuration classes for test class [com.unik.calculator.bdd.CucumberSpringConfig]: CucumberSpringConfig does not declare any static, non-private, non-final, nested classes annotated with @Configuration.
2026-03-02T00:11:16.073+04:00  INFO 18960 --- [           main] .b.t.c.SpringBootTestContextBootstrapper : Found @SpringBootConfiguration com.unik.calculator.Lab2CalculatorServiceApplication for test class com.unik.calculator.bdd.CucumberSpringConfig

Scenario: Collections via DataTable - calculate using operands passed as a table &amp#27;[90m# features/calculator.feature:17&amp#27;[0m
  &amp#27;[32mGiven &amp#27;[0m&amp#27;[32mdatabase seeded from &amp#27;[0m&amp#27;[32m&amp#27;[1m"fixtures/input_calculations.json"&amp#27;[0m                  &amp#27;[90m# com.unik.calculator.bdd.steps.DbSteps.databaseSeededFrom(java.lang.String)&amp#27;[0m
  &amp#27;[32mWhen &amp#27;[0m&amp#27;[32mI calculate using table operands with op &amp#27;[0m&amp#27;[32m&amp#27;[1m"+"&amp#27;[0m&amp#27;[32m expecting radix &amp#27;[0m&amp#27;[32m&amp#27;[1m"DEC"&amp#27;[0m        &amp#27;[90m# com.unik.calculator.bdd.steps.ApiSteps.calcUsingTable(java.lang.String,java.lang.String,io.cucumber.datatable.DataTable)&amp#27;[0m
    | side  | value | radix |
    | left  | 101   | BIN   |
    | right | A     | HEX   |
  &amp#27;[32mThen &amp#27;[0m&amp#27;[32mresponse status is &amp#27;[0m&amp#27;[32m&amp#27;[1m200&amp#27;[0m                                                    &amp#27;[90m# com.unik.calculator.bdd.steps.ApiSteps.statusIs(int)&amp#27;[0m
  &amp#27;[32mAnd &amp#27;[0m&amp#27;[32mcalc response has result &amp#27;[0m&amp#27;[32m&amp#27;[1m"15"&amp#27;[0m&amp#27;[32m and radix &amp#27;[0m&amp#27;[32m&amp#27;[1m"DEC"&amp#27;[0m                              &amp#27;[90m# com.unik.calculator.bdd.steps.ApiSteps.calcResponseHas(java.lang.String,java.lang.String)&amp#27;[0m
]]></system-out>
  </testcase>
  <testcase name="Table mapped to class - calculate using operands passed in class-like table rows" classname="Calculator service stores calculations and supports mixed radixes" time="0.08">
    <system-out><![CDATA[2026-03-02T00:11:16.154+04:00  INFO 18960 --- [           main] t.c.s.AnnotationConfigContextLoaderUtils : Could not detect default configuration classes for test class [com.unik.calculator.bdd.CucumberSpringConfig]: CucumberSpringConfig does not declare any static, non-private, non-final, nested classes annotated with @Configuration.
2026-03-02T00:11:16.155+04:00  INFO 18960 --- [           main] .b.t.c.SpringBootTestContextBootstrapper : Found @SpringBootConfiguration com.unik.calculator.Lab2CalculatorServiceApplication for test class com.unik.calculator.bdd.CucumberSpringConfig

Scenario: Table mapped to class - calculate using operands passed in class-like table rows &amp#27;[90m# features/calculator.feature:25&amp#27;[0m
  &amp#27;[32mGiven &amp#27;[0m&amp#27;[32mdatabase seeded from &amp#27;[0m&amp#27;[32m&amp#27;[1m"fixtures/input_calculations.json"&amp#27;[0m                            &amp#27;[90m# com.unik.calculator.bdd.steps.DbSteps.databaseSeededFrom(java.lang.String)&amp#27;[0m
  &amp#27;[32mWhen &amp#27;[0m&amp#27;[32mI calculate using class table with op &amp#27;[0m&amp#27;[32m&amp#27;[1m"+"&amp#27;[0m&amp#27;[32m expecting radix &amp#27;[0m&amp#27;[32m&amp#27;[1m"DEC"&amp#27;[0m                     &amp#27;[90m# com.unik.calculator.bdd.steps.TableClassSteps.calcUsingClassTable(java.lang.String,java.lang.String,io.cucumber.datatable.DataTable)&amp#27;[0m
    | 101 | BIN | left  |
    | A   | HEX | right |
  &amp#27;[32mThen &amp#27;[0m&amp#27;[32mresponse status is &amp#27;[0m&amp#27;[32m&amp#27;[1m200&amp#27;[0m                                                              &amp#27;[90m# com.unik.calculator.bdd.steps.ApiSteps.statusIs(int)&amp#27;[0m
  &amp#27;[32mAnd &amp#27;[0m&amp#27;[32mcalc response has result &amp#27;[0m&amp#27;[32m&amp#27;[1m"15"&amp#27;[0m&amp#27;[32m and radix &amp#27;[0m&amp#27;[32m&amp#27;[1m"DEC"&amp#27;[0m                                        &amp#27;[90m# com.unik.calculator.bdd.steps.ApiSteps.calcResponseHas(java.lang.String,java.lang.String)&amp#27;[0m
]]></system-out>
  </testcase>
  <testcase name="Custom delimiter - calculate using operands in one argument" classname="Calculator service stores calculations and supports mixed radixes" time="0.061">
    <system-out><![CDATA[2026-03-02T00:11:16.235+04:00  INFO 18960 --- [           main] t.c.s.AnnotationConfigContextLoaderUtils : Could not detect default configuration classes for test class [com.unik.calculator.bdd.CucumberSpringConfig]: CucumberSpringConfig does not declare any static, non-private, non-final, nested classes annotated with @Configuration.
2026-03-02T00:11:16.235+04:00  INFO 18960 --- [           main] .b.t.c.SpringBootTestContextBootstrapper : Found @SpringBootConfiguration com.unik.calculator.Lab2CalculatorServiceApplication for test class com.unik.calculator.bdd.CucumberSpringConfig

Scenario: Custom delimiter - calculate using operands in one argument                     &amp#27;[90m# features/calculator.feature:32&amp#27;[0m
  &amp#27;[32mGiven &amp#27;[0m&amp#27;[32mdatabase seeded from &amp#27;[0m&amp#27;[32m&amp#27;[1m"fixtures/input_calculations.json"&amp#27;[0m                           &amp#27;[90m# com.unik.calculator.bdd.steps.DbSteps.databaseSeededFrom(java.lang.String)&amp#27;[0m
  &amp#27;[32mWhen &amp#27;[0m&amp#27;[32mI calculate using class operands &amp#27;[0m&amp#27;[32m&amp#27;[1m"101|BIN;A|HEX"&amp#27;[0m&amp#27;[32m with op &amp#27;[0m&amp#27;[32m&amp#27;[1m"+"&amp#27;[0m&amp#27;[32m expecting radix &amp#27;[0m&amp#27;[32m&amp#27;[1m"DEC"&amp#27;[0m &amp#27;[90m# com.unik.calculator.bdd.steps.ApiSteps.calcUsingCustomDelimiter(java.util.List<com.unik.calculator.bdd.steps.DtoTypes$Operand>,java.lang.String,java.lang.String)&amp#27;[0m
  &amp#27;[32mThen &amp#27;[0m&amp#27;[32mresponse status is &amp#27;[0m&amp#27;[32m&amp#27;[1m200&amp#27;[0m                                                             &amp#27;[90m# com.unik.calculator.bdd.steps.ApiSteps.statusIs(int)&amp#27;[0m
  &amp#27;[32mAnd &amp#27;[0m&amp#27;[32mcalc response has result &amp#27;[0m&amp#27;[32m&amp#27;[1m"15"&amp#27;[0m&amp#27;[32m and radix &amp#27;[0m&amp#27;[32m&amp#27;[1m"DEC"&amp#27;[0m                                       &amp#27;[90m# com.unik.calculator.bdd.steps.ApiSteps.calcResponseHas(java.lang.String,java.lang.String)&amp#27;[0m
]]></system-out>
  </testcase>
  <testcase name="Multiple arguments - division by zero returns 422" classname="Calculator service stores calculations and supports mixed radixes" time="0.063">
    <system-out><![CDATA[2026-03-02T00:11:16.296+04:00  INFO 18960 --- [           main] t.c.s.AnnotationConfigContextLoaderUtils : Could not detect default configuration classes for test class [com.unik.calculator.bdd.CucumberSpringConfig]: CucumberSpringConfig does not declare any static, non-private, non-final, nested classes annotated with @Configuration.
2026-03-02T00:11:16.297+04:00  INFO 18960 --- [           main] .b.t.c.SpringBootTestContextBootstrapper : Found @SpringBootConfiguration com.unik.calculator.Lab2CalculatorServiceApplication for test class com.unik.calculator.bdd.CucumberSpringConfig

Scenario: Multiple arguments - division by zero returns 422                                    &amp#27;[90m# features/calculator.feature:37&amp#27;[0m
  &amp#27;[32mGiven &amp#27;[0m&amp#27;[32mdatabase seeded from &amp#27;[0m&amp#27;[32m&amp#27;[1m"fixtures/input_calculations.json"&amp#27;[0m                                &amp#27;[90m# com.unik.calculator.bdd.steps.DbSteps.databaseSeededFrom(java.lang.String)&amp#27;[0m
  &amp#27;[32mWhen &amp#27;[0m&amp#27;[32mI calculate left &amp#27;[0m&amp#27;[32m&amp#27;[1m"10"&amp#27;[0m&amp#27;[32m in &amp#27;[0m&amp#27;[32m&amp#27;[1m"DEC"&amp#27;[0m&amp#27;[32m and right &amp#27;[0m&amp#27;[32m&amp#27;[1m"0"&amp#27;[0m&amp#27;[32m in &amp#27;[0m&amp#27;[32m&amp#27;[1m"DEC"&amp#27;[0m&amp#27;[32m with op &amp#27;[0m&amp#27;[32m&amp#27;[1m"/"&amp#27;[0m&amp#27;[32m expecting radix &amp#27;[0m&amp#27;[32m&amp#27;[1m"DEC"&amp#27;[0m &amp#27;[90m# com.unik.calculator.bdd.steps.ApiSteps.calcSimple(java.lang.String,java.lang.String,java.lang.String,java.lang.String,java.lang.String,java.lang.String)&amp#27;[0m
  &amp#27;[32mThen &amp#27;[0m&amp#27;[32mresponse status is &amp#27;[0m&amp#27;[32m&amp#27;[1m422&amp#27;[0m                                                                  &amp#27;[90m# com.unik.calculator.bdd.steps.ApiSteps.statusIs(int)&amp#27;[0m
]]></system-out>
  </testcase>
</testsuite>