<?xml version="1.0" encoding="UTF-8"?>
<testsuite xmlns:xsi="http://www.w3.org/2001/XMLSchema-instance" xsi:noNamespaceSchemaLocation="https://maven.apache.org/surefire/maven-surefire-plugin/xsd/surefire-test-report.xsd" version="3.0.1" name="com.unik.autotest.CalculatorTest$AdditionTests" time="0.058" tests="16" errors="0" skipped="0" failures="0">
  <properties>
[...]
</properties>
  <testcase name="test_add_csvSource(Radix, String, String, String)[1]" classname="com.unik.autotest.CalculatorTest$AdditionTests" time="0.001"/>
  <testcase name="test_add_csvSource(Radix, String, String, String)[2]" classname="com.unik.autotest.CalculatorTest$AdditionTests" time="0.001"/>
  <testcase name="test_add_csvSource(Radix, String, String, String)[3]" classname="com.unik.autotest.CalculatorTest$AdditionTests" time="0.001"/>
  <testcase name="test_add_csvSource(Radix, String, String, String)[4]" classname="com.unik.autotest.CalculatorTest$AdditionTests" time="0.001"/>
  <testcase name="test_add_fromFile(String, String, String, String, String)[1]" classname="com.unik.autotest.CalculatorTest$AdditionTests" time="0.002"/>
  <testcase name="test_add_fromFile(String, String, String, String, String)[2]" classname="com.unik.autotest.CalculatorTest$AdditionTests" time="0.001"/>
  <testcase name="test_add_fromFile(String, String, String, String, String)[3]" classname="com.unik.autotest.CalculatorTest$AdditionTests" time="0.001"/>
  <testcase name="test_add_fromFile(String, String, String, String, String)[4]" classname="com.unik.autotest.CalculatorTest$AdditionTests" time="0.0"/>
  <testcase name="test_add_fromFile(String, String, String, String, String)[5]" classname="com.unik.autotest.CalculatorTest$AdditionTests" time="0.001"/>
  <testcase name="test_add_fromFile(String, String, String, String, String)[6]" classname="com.unik.autotest.CalculatorTest$AdditionTests" time="0.001"/>
  <testcase name="test_add_fromFile(String, String, String, String, String)[7]" classname="com.unik.autotest.CalculatorTest$AdditionTests" time="0.001"/>
  <testcase name="test_add_fromFile(String, String, String, String, String)[8]" classname="com.unik.autotest.CalculatorTest$AdditionTests" time="0.001"/>
  <testcase name="test_add_fromFile(String, String, String, String, String)[9]" classname="com.unik.autotest.CalculatorTest$AdditionTests" time="0.001"/>
  <testcase name="test_add_fromFile(String, String, String, String, String)[10]" classname="com.unik.autotest.CalculatorTest$AdditionTests" time="0.0"/>
  <testcase name="test_add_fromFile(String, String, String, String, String)[11]" classname="com.unik.autotest.CalculatorTest$AdditionTests" time="0.0"/>
  <testcase name="test_add_fromFile(String, String, String, String, String)[12]" classname="com.unik.autotest.CalculatorTest$AdditionTests" time="0.001"/>
</testsuite>